  [4;36;1mSQL (0.5ms)[0m   [0;1m SELECT name
 FROM sqlite_master
 WHERE type = 'table' AND NOT name = 'sqlite_sequence'
[0m
  [4;35;1mSQL (0.3ms)[0m   [0mselect sqlite_version(*)[0m
  [4;36;1mSQL (6.7ms)[0m   [0;1mCREATE TABLE "schema_migrations" ("version" varchar(255) NOT NULL) [0m
  [4;35;1mSQL (3.7ms)[0m   [0mCREATE UNIQUE INDEX "unique_schema_migrations" ON "schema_migrations" ("version")[0m
  [4;36;1mSQL (0.4ms)[0m   [0;1m SELECT name
 FROM sqlite_master
 WHERE type = 'table' AND NOT name = 'sqlite_sequence'
[0m
  [4;35;1mSQL (0.2ms)[0m   [0mSELECT version FROM schema_migrations[0m
Migrating to CreateProjects (20090913134534)
  [4;36;1mSQL (0.7ms)[0m   [0;1mCREATE TABLE "projects" ("id" INTEGER PRIMARY KEY AUTOINCREMENT NOT NULL, "name" varchar(255), "created_at" datetime, "updated_at" datetime) [0m
  [4;35;1mSQL (0.3ms)[0m   [0mINSERT INTO schema_migrations (version) VALUES ('20090913134534')[0m
  [4;36;1mSQL (0.4ms)[0m   [0;1m SELECT name
 FROM sqlite_master
 WHERE type = 'table' AND NOT name = 'sqlite_sequence'
[0m
  [4;35;1mSQL (0.3ms)[0m   [0mSELECT version FROM schema_migrations[0m
  [4;36;1mSQL (0.4ms)[0m   [0;1m SELECT name
 FROM sqlite_master
 WHERE type = 'table' AND NOT name = 'sqlite_sequence'
[0m
  [4;35;1mSQL (0.5ms)[0m   [0mPRAGMA index_list("projects")[0m
  [4;36;1mSQL (0.9ms)[0m   [0;1m SELECT name
 FROM sqlite_master
 WHERE type = 'table' AND NOT name = 'sqlite_sequence'
[0m
  [4;35;1mSQL (0.4ms)[0m   [0mSELECT version FROM schema_migrations[0m
  [4;36;1mSQL (0.5ms)[0m   [0;1m SELECT name
 FROM sqlite_master
 WHERE type = 'table' AND NOT name = 'sqlite_sequence'
[0m
  [4;35;1mSQL (0.4ms)[0m   [0mSELECT version FROM schema_migrations[0m
Migrating to CreateProjects (20090913134534)
  [4;36;1mSQL (0.3ms)[0m   [0;1mselect sqlite_version(*)[0m
  [4;35;1mSQL (0.9ms)[0m   [0mDROP TABLE "projects"[0m
  [4;36;1mSQL (0.4ms)[0m   [0;1mDELETE FROM schema_migrations WHERE version = '20090913134534'[0m
  [4;35;1mSQL (0.5ms)[0m   [0m SELECT name
 FROM sqlite_master
 WHERE type = 'table' AND NOT name = 'sqlite_sequence'
[0m
  [4;36;1mSQL (0.3ms)[0m   [0;1mSELECT version FROM schema_migrations[0m
  [4;35;1mSQL (0.4ms)[0m   [0m SELECT name
 FROM sqlite_master
 WHERE type = 'table' AND NOT name = 'sqlite_sequence'
[0m
  [4;36;1mSQL (0.7ms)[0m   [0;1m SELECT name
 FROM sqlite_master
 WHERE type = 'table' AND NOT name = 'sqlite_sequence'
[0m
  [4;35;1mSQL (0.2ms)[0m   [0mSELECT version FROM schema_migrations[0m
Migrating to CreateProjects (20090913135150)
  [4;36;1mSQL (0.3ms)[0m   [0;1mselect sqlite_version(*)[0m
  [4;35;1mSQL (0.9ms)[0m   [0mCREATE TABLE "projects" ("id" INTEGER PRIMARY KEY AUTOINCREMENT NOT NULL, "name" varchar(255), "created_at" datetime, "updated_at" datetime) [0m
  [4;36;1mSQL (0.3ms)[0m   [0;1mINSERT INTO schema_migrations (version) VALUES ('20090913135150')[0m
  [4;35;1mSQL (0.6ms)[0m   [0m SELECT name
 FROM sqlite_master
 WHERE type = 'table' AND NOT name = 'sqlite_sequence'
[0m
  [4;36;1mSQL (0.5ms)[0m   [0;1mSELECT version FROM schema_migrations[0m
  [4;35;1mSQL (2.4ms)[0m   [0m SELECT name
 FROM sqlite_master
 WHERE type = 'table' AND NOT name = 'sqlite_sequence'
[0m
  [4;36;1mSQL (0.2ms)[0m   [0;1mPRAGMA index_list("projects")[0m


Processing ProjectsController#index (for 127.0.0.1 at 2009-09-13 15:53:38) [GET]
  [4;36;1mProject Load (0.7ms)[0m   [0;1mSELECT * FROM "projects" [0m
Rendering projects/index
Completed in 47ms (View: 36, DB: 1) | 200 OK [http://localhost/]


Processing ProjectsController#index (for 127.0.0.1 at 2009-09-13 16:07:28) [GET]
  [4;36;1mProject Load (1.7ms)[0m   [0;1mSELECT * FROM "projects" [0m
Rendering projects/index
Completed in 138ms (View: 110, DB: 2) | 200 OK [http://localhost/]


Processing ProjectsController#new (for 127.0.0.1 at 2009-09-13 16:07:29) [GET]
Rendering projects/new
Rendered projects/_form (10.7ms)
Completed in 115ms (View: 87, DB: 0) | 200 OK [http://localhost/projects/new]


Processing ProjectsController#index (for 127.0.0.1 at 2009-09-13 16:07:31) [GET]
  [4;35;1mProject Load (0.5ms)[0m   [0mSELECT * FROM "projects" [0m
Rendering projects/index
Completed in 13ms (View: 2, DB: 1) | 200 OK [http://localhost/projects]


Processing ProjectsController#new (for 127.0.0.1 at 2009-09-13 17:37:19) [GET]
Rendering projects/new
Rendered projects/_form (4.6ms)
Completed in 61ms (View: 49, DB: 0) | 200 OK [http://localhost/projects/new]


Processing ProjectsController#create (for 127.0.0.1 at 2009-09-13 17:37:22) [POST]
  Parameters: {"commit"=>"Create", "authenticity_token"=>"l0PWXJ4hc7NCl0BcLR1za+mjMJBTP1aqZ/s23bTPvhU=", "project"=>{"name"=>"prova"}}
  [4;36;1mProject Create (1.8ms)[0m   [0;1mINSERT INTO "projects" ("name", "created_at", "updated_at") VALUES('prova', '2009-09-13 15:37:22', '2009-09-13 15:37:22')[0m
Redirected to http://localhost:3000/projects/1
Completed in 55ms (DB: 2) | 302 Found [http://localhost/projects]


Processing ProjectsController#show (for 127.0.0.1 at 2009-09-13 17:37:23) [GET]
  Parameters: {"id"=>"1"}
  [4;35;1mProject Load (1.3ms)[0m   [0mSELECT * FROM "projects" WHERE ("projects"."id" = 1) [0m

ActionView::MissingTemplate (Missing template projects/show.erb in view path app/views):
  

Rendering rescues/layout (internal_server_error)


Processing ProjectsController#show (for 127.0.0.1 at 2009-09-13 17:37:42) [GET]
  Parameters: {"id"=>"1"}
  [4;36;1mProject Load (1.3ms)[0m   [0;1mSELECT * FROM "projects" WHERE ("projects"."id" = 1) [0m
Rendering projects/show
Completed in 67ms (View: 37, DB: 1) | 200 OK [http://localhost/projects/1]


Processing ApplicationController#index (for 127.0.0.1 at 2009-09-13 17:39:38) [GET]

NameError (undefined local variable or method `object' for ProjectsController:Class):
  app/controllers/projects_controller.rb:2

Rendered rescues/_trace (154.0ms)
Rendered rescues/_request_and_response (5.8ms)
Rendering rescues/layout (internal_server_error)


Processing ApplicationController#index (for 127.0.0.1 at 2009-09-13 17:39:42) [GET]

NameError (undefined local variable or method `object' for ProjectsController:Class):
  app/controllers/projects_controller.rb:2

Rendered rescues/_trace (390.6ms)
Rendered rescues/_request_and_response (1.2ms)
Rendering rescues/layout (internal_server_error)


Processing ProjectsController#index (for 127.0.0.1 at 2009-09-13 17:40:23) [GET]
  [4;35;1mProject Load (2.0ms)[0m   [0mSELECT * FROM "projects" [0m
Rendering projects/index
Completed in 78ms (View: 50, DB: 2) | 200 OK [http://localhost/projects]


Processing ProjectsController#new (for 127.0.0.1 at 2009-09-13 17:40:30) [GET]
Rendering projects/new
Rendered projects/_form (5.6ms)
Completed in 48ms (View: 23, DB: 0) | 200 OK [http://localhost/projects/new]


Processing ProjectsController#create (for 127.0.0.1 at 2009-09-13 17:40:34) [POST]
  Parameters: {"commit"=>"Create", "authenticity_token"=>"l0PWXJ4hc7NCl0BcLR1za+mjMJBTP1aqZ/s23bTPvhU=", "project"=>{"name"=>"shell_test"}}
  [4;36;1mProject Create (1.4ms)[0m   [0;1mINSERT INTO "projects" ("name", "created_at", "updated_at") VALUES('shell_test', '2009-09-13 15:40:34', '2009-09-13 15:40:34')[0m

***** Debugger requested, but was not available: Start server with --debugger to enable *****
Redirected to http://localhost:3000/projects/2
Completed in 612490ms (DB: 1) | 302 Found [http://localhost/projects]


Processing ProjectsController#show (for 127.0.0.1 at 2009-09-13 17:50:47) [GET]
  Parameters: {"id"=>"2"}
  [4;35;1mProject Load (1.4ms)[0m   [0mSELECT * FROM "projects" WHERE ("projects"."id" = 2) [0m
Rendering projects/show
Completed in 54ms (View: 15, DB: 1) | 200 OK [http://localhost/projects/2]


Processing ProjectsController#index (for 127.0.0.1 at 2009-09-13 17:50:52) [GET]
  [4;36;1mProject Load (2.1ms)[0m   [0;1mSELECT * FROM "projects" [0m
Rendering projects/index
Completed in 126ms (View: 84, DB: 2) | 200 OK [http://localhost/projects]


Processing ProjectsController#destroy (for 127.0.0.1 at 2009-09-13 17:50:56) [DELETE]
  Parameters: {"authenticity_token"=>"l0PWXJ4hc7NCl0BcLR1za+mjMJBTP1aqZ/s23bTPvhU=", "id"=>"2"}
  [4;35;1mProject Load (1.4ms)[0m   [0mSELECT * FROM "projects" WHERE ("projects"."id" = 2) [0m
  [4;36;1mProject Destroy (1.7ms)[0m   [0;1mDELETE FROM "projects" WHERE "id" = 2[0m
Redirected to http://localhost:3000/projects
Completed in 70ms (DB: 3) | 302 Found [http://localhost/projects/2]


Processing ProjectsController#index (for 127.0.0.1 at 2009-09-13 17:50:56) [GET]
  [4;35;1mProject Load (6.4ms)[0m   [0mSELECT * FROM "projects" [0m
Rendering projects/index
Completed in 73ms (View: 40, DB: 6) | 200 OK [http://localhost/projects]


Processing ProjectsController#new (for 127.0.0.1 at 2009-09-13 18:04:22) [GET]
Rendering projects/new
Rendered projects/_form (6.9ms)
Completed in 51ms (View: 23, DB: 0) | 200 OK [http://localhost/projects/new]


Processing ProjectsController#create (for 127.0.0.1 at 2009-09-13 18:04:25) [POST]
  Parameters: {"commit"=>"Create", "authenticity_token"=>"l0PWXJ4hc7NCl0BcLR1za+mjMJBTP1aqZ/s23bTPvhU=", "project"=>{"name"=>"asdadsa"}}
  [4;36;1mProject Create (1.4ms)[0m   [0;1mINSERT INTO "projects" ("name", "created_at", "updated_at") VALUES('asdadsa', '2009-09-13 16:04:25', '2009-09-13 16:04:25')[0m
Redirected to http://localhost:3000/projects/3
Completed in 15301ms (DB: 1) | 302 Found [http://localhost/projects]


Processing ProjectsController#show (for 127.0.0.1 at 2009-09-13 18:04:41) [GET]
  Parameters: {"id"=>"3"}
  [4;35;1mProject Load (0.6ms)[0m   [0mSELECT * FROM "projects" WHERE ("projects"."id" = 3) [0m
Rendering projects/show
Completed in 27ms (View: 13, DB: 1) | 200 OK [http://localhost/projects/3]
  [4;36;1mSQL (0.8ms)[0m   [0;1m SELECT name
 FROM sqlite_master
 WHERE type = 'table' AND NOT name = 'sqlite_sequence'
[0m
  [4;35;1mSQL (0.4ms)[0m   [0mSELECT version FROM schema_migrations[0m
Migrating to CreateProjects (20090913135150)
Migrating to AddLogToProjects (20090913163433)
  [4;36;1mSQL (0.3ms)[0m   [0;1mselect sqlite_version(*)[0m
  [4;35;1mSQL (0.8ms)[0m   [0mALTER TABLE "projects" ADD "log" text[0m
  [4;36;1mSQL (0.3ms)[0m   [0;1mINSERT INTO schema_migrations (version) VALUES ('20090913163433')[0m
  [4;35;1mSQL (0.4ms)[0m   [0m SELECT name
 FROM sqlite_master
 WHERE type = 'table' AND NOT name = 'sqlite_sequence'
[0m
  [4;36;1mSQL (0.4ms)[0m   [0;1mSELECT version FROM schema_migrations[0m
  [4;35;1mSQL (0.4ms)[0m   [0m SELECT name
 FROM sqlite_master
 WHERE type = 'table' AND NOT name = 'sqlite_sequence'
[0m
  [4;36;1mSQL (0.2ms)[0m   [0;1mPRAGMA index_list("projects")[0m


Processing ProjectsController#index (for 127.0.0.1 at 2009-09-13 18:36:47) [GET]
  [4;36;1mProject Load (2.5ms)[0m   [0;1mSELECT * FROM "projects" [0m
Rendering projects/index
Completed in 90ms (View: 61, DB: 2) | 200 OK [http://localhost/projects]


Processing ProjectsController#new (for 127.0.0.1 at 2009-09-13 18:36:49) [GET]
Rendering projects/new
Rendered projects/_form (6.4ms)
Completed in 49ms (View: 23, DB: 0) | 200 OK [http://localhost/projects/new]


Processing ProjectsController#create (for 127.0.0.1 at 2009-09-13 18:36:54) [POST]
  Parameters: {"commit"=>"Create", "authenticity_token"=>"l0PWXJ4hc7NCl0BcLR1za+mjMJBTP1aqZ/s23bTPvhU=", "project"=>{"name"=>"testone"}}
  [4;35;1mProject Create (0.6ms)[0m   [0mINSERT INTO "projects" ("name", "created_at", "updated_at", "log") VALUES('testone', '2009-09-13 16:36:54', '2009-09-13 16:36:54', NULL)[0m
  [4;36;1mProject Update (0.5ms)[0m   [0;1mUPDATE "projects" SET "updated_at" = '2009-09-13 16:36:54', "log" = 'Creating testone/ ... 
Initializing mercurial repository ... 
Executing first commit ... 
adding readme
readme
committed changeset 0:c787e6a58cce
[OK]
Adding mercurial hooks ... 
[hooks]
changegroup = /home/trottolino/work/e-one/project_deployment/hgtests/scripts/rsync_to_webtest.sh $(pwd)
' WHERE "id" = 4[0m
Redirected to http://localhost:3000/projects/4
Completed in 373ms (DB: 1) | 302 Found [http://localhost/projects]


Processing ProjectsController#show (for 127.0.0.1 at 2009-09-13 18:36:54) [GET]
  Parameters: {"id"=>"4"}
  [4;35;1mProject Load (0.9ms)[0m   [0mSELECT * FROM "projects" WHERE ("projects"."id" = 4) [0m
Rendering projects/show
Completed in 36ms (View: 18, DB: 1) | 200 OK [http://localhost/projects/4]


Processing ProjectsController#show (for 127.0.0.1 at 2009-09-13 18:37:24) [GET]
  Parameters: {"id"=>"4"}
  [4;36;1mProject Load (1.4ms)[0m   [0;1mSELECT * FROM "projects" WHERE ("projects"."id" = 4) [0m
Rendering projects/show
Completed in 77ms (View: 35, DB: 1) | 200 OK [http://localhost/projects/4]


Processing ProjectsController#index (for 127.0.0.1 at 2009-09-14 00:11:16) [GET]
  [4;36;1mProject Load (3.3ms)[0m   [0;1mSELECT * FROM "projects" [0m
Rendering projects/index
Completed in 335ms (View: 279, DB: 3) | 200 OK [http://localhost/]


Processing ProjectsController#index (for 127.0.0.1 at 2009-09-14 00:11:43) [GET]
  [4;35;1mProject Load (2.6ms)[0m   [0mSELECT * FROM "projects" [0m
Rendering projects/index
Completed in 150ms (View: 123, DB: 3) | 200 OK [http://localhost/]


Processing ProjectsController#show (for 127.0.0.1 at 2009-09-14 00:11:45) [GET]
  Parameters: {"id"=>"4"}
  [4;36;1mProject Load (2.1ms)[0m   [0;1mSELECT * FROM "projects" WHERE ("projects"."id" = 4) [0m
Rendering projects/show
Completed in 80ms (View: 46, DB: 2) | 200 OK [http://localhost/projects/4]


Processing ProjectsController#show (for 127.0.0.1 at 2009-09-14 00:12:24) [GET]
  Parameters: {"id"=>"4"}
  [4;35;1mProject Load (1.4ms)[0m   [0mSELECT * FROM "projects" WHERE ("projects"."id" = 4) [0m
Rendering projects/show
Completed in 422ms (View: 404, DB: 1) | 200 OK [http://localhost/projects/4]


Processing ProjectsController#show (for 127.0.0.1 at 2009-09-14 00:12:36) [GET]
  Parameters: {"id"=>"4"}
  [4;36;1mProject Load (1.3ms)[0m   [0;1mSELECT * FROM "projects" WHERE ("projects"."id" = 4) [0m
Rendering projects/show
Completed in 58ms (View: 29, DB: 1) | 200 OK [http://localhost/projects/4]


Processing ProjectsController#show (for 127.0.0.1 at 2009-09-14 00:13:04) [GET]
  Parameters: {"id"=>"4"}
  [4;35;1mProject Load (1.4ms)[0m   [0mSELECT * FROM "projects" WHERE ("projects"."id" = 4) [0m
Rendering projects/show
Completed in 254ms (View: 218, DB: 1) | 200 OK [http://localhost/projects/4]


Processing ProjectsController#show (for 127.0.0.1 at 2009-09-14 00:13:21) [GET]
  Parameters: {"id"=>"4"}
  [4;36;1mProject Load (1.5ms)[0m   [0;1mSELECT * FROM "projects" WHERE ("projects"."id" = 4) [0m
Rendering projects/show
Completed in 58ms (View: 26, DB: 1) | 200 OK [http://localhost/projects/4]


Processing ProjectsController#index (for 127.0.0.1 at 2009-09-14 00:13:23) [GET]
  [4;35;1mProject Load (1.1ms)[0m   [0mSELECT * FROM "projects" [0m
Rendering projects/index
Completed in 43ms (View: 31, DB: 1) | 200 OK [http://localhost/projects]


Processing ApplicationController#destroy (for 127.0.0.1 at 2009-09-14 06:51:59) [DELETE]
  Parameters: {"authenticity_token"=>"l0PWXJ4hc7NCl0BcLR1za+mjMJBTP1aqZ/s23bTPvhU=", "id"=>"4"}

NameError (undefined local variable or method `delete' for ProjectsController:Class):
  app/controllers/projects_controller.rb:6

Rendered rescues/_trace (186.3ms)
Rendered rescues/_request_and_response (5.9ms)
Rendering rescues/layout (internal_server_error)


Processing ProjectsController#destroy (for 127.0.0.1 at 2009-09-14 06:52:15) [DELETE]
  Parameters: {"authenticity_token"=>"l0PWXJ4hc7NCl0BcLR1za+mjMJBTP1aqZ/s23bTPvhU=", "id"=>"4"}
  [4;36;1mProject Load (1.3ms)[0m   [0;1mSELECT * FROM "projects" WHERE ("projects"."id" = 4) [0m
  [4;35;1mProject Destroy (1.5ms)[0m   [0mDELETE FROM "projects" WHERE "id" = 4[0m
Redirected to http://localhost:3000/projects
Completed in 178ms (DB: 3) | 302 Found [http://localhost/projects/4]


Processing ProjectsController#index (for 127.0.0.1 at 2009-09-14 06:52:16) [GET]
  [4;36;1mProject Load (2.3ms)[0m   [0;1mSELECT * FROM "projects" [0m
Rendering projects/index
Completed in 124ms (View: 96, DB: 2) | 200 OK [http://localhost/projects]


Processing ProjectsController#destroy (for 127.0.0.1 at 2009-09-14 06:53:01) [DELETE]
  Parameters: {"authenticity_token"=>"l0PWXJ4hc7NCl0BcLR1za+mjMJBTP1aqZ/s23bTPvhU=", "id"=>"3"}
  [4;35;1mProject Load (1.4ms)[0m   [0mSELECT * FROM "projects" WHERE ("projects"."id" = 3) [0m
  [4;36;1mProject Destroy (1.0ms)[0m   [0;1mDELETE FROM "projects" WHERE "id" = 3[0m
Redirected to http://localhost:3000/projects
Completed in 395ms (DB: 2) | 302 Found [http://localhost/projects/3]


Processing ProjectsController#index (for 127.0.0.1 at 2009-09-14 06:53:02) [GET]
  [4;35;1mProject Load (1.9ms)[0m   [0mSELECT * FROM "projects" [0m
Rendering projects/index
Completed in 65ms (View: 39, DB: 2) | 200 OK [http://localhost/projects]


Processing ProjectsController#destroy (for 127.0.0.1 at 2009-09-14 06:53:22) [DELETE]
  Parameters: {"authenticity_token"=>"l0PWXJ4hc7NCl0BcLR1za+mjMJBTP1aqZ/s23bTPvhU=", "id"=>"1"}
  [4;36;1mProject Load (1.3ms)[0m   [0;1mSELECT * FROM "projects" WHERE ("projects"."id" = 1) [0m
  [4;35;1mProject Destroy (1.1ms)[0m   [0mDELETE FROM "projects" WHERE "id" = 1[0m
Redirected to http://localhost:3000/projects
Completed in 434ms (DB: 2) | 302 Found [http://localhost/projects/1]


Processing ProjectsController#index (for 127.0.0.1 at 2009-09-14 06:53:23) [GET]
  [4;36;1mProject Load (1.5ms)[0m   [0;1mSELECT * FROM "projects" [0m
Rendering projects/index
Completed in 51ms (View: 24, DB: 2) | 200 OK [http://localhost/projects]


Processing ProjectsController#new (for 127.0.0.1 at 2009-09-14 06:55:00) [GET]
Rendering projects/new
Rendered projects/_form (14.6ms)
Completed in 117ms (View: 84, DB: 0) | 200 OK [http://localhost/projects/new]


Processing ProjectsController#create (for 127.0.0.1 at 2009-09-14 06:55:10) [POST]
  Parameters: {"commit"=>"Create", "authenticity_token"=>"l0PWXJ4hc7NCl0BcLR1za+mjMJBTP1aqZ/s23bTPvhU=", "project"=>{"name"=>"test1"}}
  [4;35;1mProject Create (1.0ms)[0m   [0mINSERT INTO "projects" ("name", "created_at", "updated_at", "log") VALUES('test1', '2009-09-14 04:55:10', '2009-09-14 04:55:10', NULL)[0m
  [4;36;1mProject Update (1.1ms)[0m   [0;1mUPDATE "projects" SET "updated_at" = '2009-09-14 04:55:11', "log" = 'Creating test1/ ... 
Initializing mercurial repository ... 
Executing first commit ... 
adding readme
readme
committed changeset 0:fdb9861cc764
Adding mercurial hooks ... 
[hooks]
changegroup = /home/trottolino/work/e-one/project_deployment/hgtests/scripts/rsync_to_webtest.sh $(pwd)
' WHERE "id" = 5[0m
Redirected to http://localhost:3000/projects/5
Completed in 1069ms (DB: 2) | 302 Found [http://localhost/projects]


Processing ProjectsController#show (for 127.0.0.1 at 2009-09-14 06:55:11) [GET]
  Parameters: {"id"=>"5"}
  [4;35;1mProject Load (1.5ms)[0m   [0mSELECT * FROM "projects" WHERE ("projects"."id" = 5) [0m
Rendering projects/show
Completed in 43ms (View: 12, DB: 1) | 200 OK [http://localhost/projects/5]


Processing ProjectsController#index (for 127.0.0.1 at 2009-09-14 06:55:25) [GET]
  [4;36;1mProject Load (1.8ms)[0m   [0;1mSELECT * FROM "projects" [0m
Rendering projects/index
Completed in 83ms (View: 44, DB: 2) | 200 OK [http://localhost/projects]


Processing ProjectsController#destroy (for 127.0.0.1 at 2009-09-14 07:01:31) [DELETE]
  Parameters: {"authenticity_token"=>"l0PWXJ4hc7NCl0BcLR1za+mjMJBTP1aqZ/s23bTPvhU=", "id"=>"5"}
  [4;35;1mProject Load (2.2ms)[0m   [0mSELECT * FROM "projects" WHERE ("projects"."id" = 5) [0m
  [4;36;1mProject Destroy (1.1ms)[0m   [0;1mDELETE FROM "projects" WHERE "id" = 5[0m
Redirected to http://localhost:3000/projects
Completed in 395ms (DB: 3) | 302 Found [http://localhost/projects/5]


Processing ProjectsController#index (for 127.0.0.1 at 2009-09-14 07:01:31) [GET]
  [4;35;1mProject Load (1.3ms)[0m   [0mSELECT * FROM "projects" [0m
Rendering projects/index
Completed in 36ms (View: 8, DB: 1) | 200 OK [http://localhost/projects]


Processing ProjectsController#new (for 127.0.0.1 at 2009-09-14 07:01:33) [GET]
Rendering projects/new
Rendered projects/_form (6.9ms)
Completed in 52ms (View: 24, DB: 0) | 200 OK [http://localhost/projects/new]


Processing ProjectsController#create (for 127.0.0.1 at 2009-09-14 07:01:44) [POST]
  Parameters: {"commit"=>"Create", "authenticity_token"=>"l0PWXJ4hc7NCl0BcLR1za+mjMJBTP1aqZ/s23bTPvhU=", "project"=>{"name"=>"test1"}}
  [4;36;1mProject Create (1.1ms)[0m   [0;1mINSERT INTO "projects" ("name", "created_at", "updated_at", "log") VALUES('test1', '2009-09-14 05:01:44', '2009-09-14 05:01:44', NULL)[0m
  [4;35;1mProject Update (0.5ms)[0m   [0mUPDATE "projects" SET "updated_at" = '2009-09-14 05:01:45', "log" = 'Creating test1/ ... 
Initializing mercurial repository ... 
Executing first commit ... 
adding readme
readme
committed changeset 0:d2f1430e33bc
Adding mercurial hooks ... 
[hooks]
changegroup = /home/trottolino/work/e-one/project_deployment/hgtests/scripts/rsync_to_webtest.sh $(pwd)
First deploy to webtest ... 
destination directory: test1
updating working directory
1 files updated, 0 files merged, 0 files removed, 0 files unresolved
pulling from /home/trottolino/work/e-one/project_deployment/hgtests/repos/test1
searching for changes
no changes found
0 files updated, 0 files merged, 0 files removed, 0 files unresolved
' WHERE "id" = 6[0m
Redirected to http://localhost:3000/projects/6
Completed in 1408ms (DB: 2) | 302 Found [http://localhost/projects]


Processing ProjectsController#show (for 127.0.0.1 at 2009-09-14 07:01:45) [GET]
  Parameters: {"id"=>"6"}
  [4;36;1mProject Load (0.6ms)[0m   [0;1mSELECT * FROM "projects" WHERE ("projects"."id" = 6) [0m
Rendering projects/show
Completed in 18ms (View: 5, DB: 1) | 200 OK [http://localhost/projects/6]


Processing ProjectsController#show (for 127.0.0.1 at 2009-09-14 07:23:16) [GET]
  Parameters: {"id"=>"6"}
  [4;35;1mProject Load (1.7ms)[0m   [0mSELECT * FROM "projects" WHERE ("projects"."id" = 6) [0m
Rendering projects/show

ActionView::TemplateError (undefined method `clone_url' for #<Project:0x7fea8fe433c0>) on line #16 of app/views/projects/show.html.erb:
13:   <%= @project.log %>
14: </pre>
15: 
16: <%= link_to "Clone url", @project.clone_url %><br />
17: 
18: <%= link_to 'Back', collection_url %>

    app/views/projects/show.html.erb:16

Rendered rescues/_trace (219.0ms)
Rendered rescues/_request_and_response (1.3ms)
Rendering rescues/layout (internal_server_error)


Processing ProjectsController#show (for 127.0.0.1 at 2009-09-14 07:23:34) [GET]
  Parameters: {"id"=>"6"}
  [4;36;1mProject Load (1.5ms)[0m   [0;1mSELECT * FROM "projects" WHERE ("projects"."id" = 6) [0m
Rendering projects/show

ActionView::TemplateError (undefined method `clone_url' for #<Project:0x7fd9d4ccf488>) on line #16 of app/views/projects/show.html.erb:
13:   <%= @project.log %>
14: </pre>
15: 
16: <%= link_to "Clone url", @project.clone_url %><br />
17: 
18: <%= link_to 'Back', collection_url %>

    app/views/projects/show.html.erb:16

Rendered rescues/_trace (292.2ms)
Rendered rescues/_request_and_response (2.6ms)
Rendering rescues/layout (internal_server_error)


Processing ProjectsController#show (for 127.0.0.1 at 2009-09-14 07:23:55) [GET]
  Parameters: {"id"=>"6"}
  [4;35;1mProject Load (1.3ms)[0m   [0mSELECT * FROM "projects" WHERE ("projects"."id" = 6) [0m
Rendering projects/show
Completed in 117ms (View: 85, DB: 1) | 200 OK [http://localhost/projects/6]


Processing ProjectsController#index (for 127.0.0.1 at 2009-09-14 07:24:51) [GET]
  [4;36;1mProject Load (1.9ms)[0m   [0;1mSELECT * FROM "projects" [0m
Rendering projects/index
Completed in 91ms (View: 65, DB: 2) | 200 OK [http://localhost/projects]


Processing ProjectsController#index (for 127.0.0.1 at 2009-09-14 07:25:05) [GET]
  [4;35;1mProject Load (2.0ms)[0m   [0mSELECT * FROM "projects" [0m
Rendering projects/index
Completed in 339ms (View: 73, DB: 2) | 200 OK [http://localhost/projects]


Processing ProjectsController#destroy (for 127.0.0.1 at 2009-09-14 07:25:13) [DELETE]
  Parameters: {"authenticity_token"=>"l0PWXJ4hc7NCl0BcLR1za+mjMJBTP1aqZ/s23bTPvhU=", "id"=>"6"}
  [4;36;1mProject Load (3.1ms)[0m   [0;1mSELECT * FROM "projects" WHERE ("projects"."id" = 6) [0m
  [4;35;1mProject Destroy (1.4ms)[0m   [0mDELETE FROM "projects" WHERE "id" = 6[0m
Redirected to http://localhost:3000/projects
Completed in 468ms (DB: 5) | 302 Found [http://localhost/projects/6]


Processing ProjectsController#index (for 127.0.0.1 at 2009-09-14 07:25:14) [GET]
  [4;36;1mProject Load (1.4ms)[0m   [0;1mSELECT * FROM "projects" [0m
Rendering projects/index
Completed in 36ms (View: 9, DB: 1) | 200 OK [http://localhost/projects]


Processing ProjectsController#index (for 127.0.0.1 at 2009-09-14 07:25:36) [GET]
  [4;35;1mProject Load (1.3ms)[0m   [0mSELECT * FROM "projects" [0m
Rendering projects/index
Completed in 48ms (View: 23, DB: 1) | 200 OK [http://localhost/projects]


Processing ProjectsController#new (for 127.0.0.1 at 2009-09-14 07:25:38) [GET]
Rendering projects/new
Rendered projects/_form (10.2ms)
Completed in 85ms (View: 57, DB: 0) | 200 OK [http://localhost/projects/new]


Processing ProjectsController#create (for 127.0.0.1 at 2009-09-14 07:25:42) [POST]
  Parameters: {"commit"=>"Create", "authenticity_token"=>"l0PWXJ4hc7NCl0BcLR1za+mjMJBTP1aqZ/s23bTPvhU=", "project"=>{"name"=>"test2"}}
  [4;36;1mProject Create (1.1ms)[0m   [0;1mINSERT INTO "projects" ("name", "created_at", "updated_at", "log") VALUES('test2', '2009-09-14 05:25:42', '2009-09-14 05:25:42', NULL)[0m
  [4;35;1mProject Update (1.2ms)[0m   [0mUPDATE "projects" SET "updated_at" = '2009-09-14 05:25:44', "log" = 'Creating test2/ ... 
Initializing mercurial repository ... 
Executing first commit ... 
adding readme
readme
committed changeset 0:532396650d80
Adding mercurial hooks ... 
[hooks]
changegroup = /home/trottolino/work/e-one/project_deployment/hgtests/scripts/rsync_to_webtest.sh $(pwd)
First deploy to webtest ... 
destination directory: test2
updating working directory
1 files updated, 0 files merged, 0 files removed, 0 files unresolved
pulling from /home/trottolino/work/e-one/project_deployment/hgtests/repos/test2
searching for changes
no changes found
0 files updated, 0 files merged, 0 files removed, 0 files unresolved
' WHERE "id" = 7[0m
Redirected to http://localhost:3000/projects/7
Completed in 1910ms (DB: 2) | 302 Found [http://localhost/projects]


Processing ProjectsController#show (for 127.0.0.1 at 2009-09-14 07:25:45) [GET]
  Parameters: {"id"=>"7"}
  [4;36;1mProject Load (1.4ms)[0m   [0;1mSELECT * FROM "projects" WHERE ("projects"."id" = 7) [0m
Rendering projects/show
Completed in 58ms (View: 26, DB: 1) | 200 OK [http://localhost/projects/7]


Processing ProjectsController#index (for 127.0.0.1 at 2009-09-14 07:26:02) [GET]
  [4;35;1mProject Load (2.0ms)[0m   [0mSELECT * FROM "projects" [0m
Rendering projects/index
Completed in 107ms (View: 75, DB: 2) | 200 OK [http://localhost/projects]


Processing ProjectsController#index (for 127.0.0.1 at 2009-09-14 07:43:26) [GET]
  Parameters: {"action"=>"index", "controller"=>"projects"}
  [4;36;1mProject Load (1.9ms)[0m   [0;1mSELECT * FROM "projects" [0m
Rendering projects/index
Completed in 312ms (View: 286, DB: 2) | 200 OK [http://localhost/projects]


Processing UserSessionsController#new (for 127.0.0.1 at 2009-09-14 07:43:31) [GET]
  Parameters: {"action"=>"new", "controller"=>"user_sessions"}

NoMethodError (undefined method `require_no_user' for #<UserSessionsController:0x7fd9d4ee3f30>):
  

Rendered rescues/_trace (159.6ms)
Rendered rescues/_request_and_response (1.2ms)
Rendering rescues/layout (internal_server_error)


Processing UserSessionsController#new (for 127.0.0.1 at 2009-09-14 07:43:43) [GET]
  Parameters: {"action"=>"new", "controller"=>"user_sessions"}

NoMethodError (undefined method `require_no_user' for #<UserSessionsController:0x7fe715c0b170>):
  

Rendered rescues/_trace (204.8ms)
Rendered rescues/_request_and_response (2.4ms)
Rendering rescues/layout (internal_server_error)
  [4;36;1mSQL (0.8ms)[0m   [0;1m SELECT name
 FROM sqlite_master
 WHERE type = 'table' AND NOT name = 'sqlite_sequence'
[0m
  [4;35;1mSQL (0.5ms)[0m   [0mSELECT version FROM schema_migrations[0m
Migrating to CreateProjects (20090913135150)
Migrating to AddLogToProjects (20090913163433)
Migrating to CreateUsers (20090914053206)
  [4;36;1mSQL (0.3ms)[0m   [0;1mselect sqlite_version(*)[0m
  [4;35;1mSQL (1.0ms)[0m   [0mCREATE TABLE "users" ("id" INTEGER PRIMARY KEY AUTOINCREMENT NOT NULL, "login" varchar(255) NOT NULL, "email" varchar(255) NOT NULL, "crypted_password" varchar(255) NOT NULL, "password_salt" varchar(255) NOT NULL, "persistence_token" varchar(255) NOT NULL, "single_access_token" varchar(255) NOT NULL, "perishable_token" varchar(255) NOT NULL, "login_count" integer DEFAULT 0 NOT NULL, "failed_login_count" integer DEFAULT 0 NOT NULL, "last_request_at" datetime, "current_login_at" datetime, "last_login_at" datetime, "current_login_ip" varchar(255), "last_login_ip" varchar(255), "created_at" datetime, "updated_at" datetime) [0m
  [4;36;1mSQL (0.4ms)[0m   [0;1mINSERT INTO schema_migrations (version) VALUES ('20090914053206')[0m
  [4;35;1mSQL (0.5ms)[0m   [0m SELECT name
 FROM sqlite_master
 WHERE type = 'table' AND NOT name = 'sqlite_sequence'
[0m
  [4;36;1mSQL (0.6ms)[0m   [0;1mSELECT version FROM schema_migrations[0m
  [4;35;1mSQL (0.5ms)[0m   [0m SELECT name
 FROM sqlite_master
 WHERE type = 'table' AND NOT name = 'sqlite_sequence'
[0m
  [4;36;1mSQL (0.1ms)[0m   [0;1mPRAGMA index_list("projects")[0m
  [4;35;1mSQL (0.2ms)[0m   [0mPRAGMA index_list("users")[0m


Processing UserSessionsController#new (for 127.0.0.1 at 2009-09-14 07:44:09) [GET]
  Parameters: {"action"=>"new", "controller"=>"user_sessions"}

NoMethodError (undefined method `require_no_user' for #<UserSessionsController:0x7fa8bd9730e8>):
  

Rendered rescues/_trace (353.7ms)
Rendered rescues/_request_and_response (6.2ms)
Rendering rescues/layout (internal_server_error)


Processing UserSessionsController#new (for 127.0.0.1 at 2009-09-14 07:45:14) [GET]
  Parameters: {"action"=>"new", "controller"=>"user_sessions"}
Rendering user_sessions/new
Completed in 193ms (View: 101, DB: 0) | 200 OK [http://localhost/]


Processing ApplicationController#index (for 127.0.0.1 at 2009-09-14 07:45:20) [GET]

ActionController::RoutingError (No route matches "/new" with {:method=>:get}):
  

Rendering rescues/layout (not_found)


Processing UsersController#new (for 127.0.0.1 at 2009-09-14 07:45:33) [GET]
  Parameters: {"action"=>"new", "controller"=>"users"}
Rendering users/new
Rendered users/_form (13.6ms)
Completed in 359ms (View: 277, DB: 0) | 200 OK [http://localhost/users/new]


Processing ApplicationController#index (for 127.0.0.1 at 2009-09-14 07:48:56) [GET]

ActionController::RoutingError (No route matches "/login" with {:method=>:get}):
  

Rendering rescues/layout (not_found)


Processing UsersController#new (for 127.0.0.1 at 2009-09-14 07:49:10) [GET]
  Parameters: {"action"=>"new", "controller"=>"users"}
Redirected to http://localhost:3000/
Completed in 81ms (DB: 0) | 302 Found [http://localhost/users/new]


Processing UserSessionsController#new (for 127.0.0.1 at 2009-09-14 07:49:10) [GET]
  Parameters: {"action"=>"new", "controller"=>"user_sessions"}
Rendering user_sessions/new
Completed in 94ms (View: 23, DB: 0) | 200 OK [http://localhost/]


Processing UsersController#new (for 127.0.0.1 at 2009-09-14 07:49:13) [GET]
  Parameters: {"action"=>"new", "controller"=>"users"}
Redirected to http://localhost:3000/
Completed in 72ms (DB: 0) | 302 Found [http://localhost/users/new]


Processing UserSessionsController#new (for 127.0.0.1 at 2009-09-14 07:49:13) [GET]
  Parameters: {"action"=>"new", "controller"=>"user_sessions"}
Rendering user_sessions/new
Completed in 328ms (View: 25, DB: 0) | 200 OK [http://localhost/]


Processing UsersController#new (for 127.0.0.1 at 2009-09-14 07:52:48) [GET]
  Parameters: {"action"=>"new", "controller"=>"users"}
  [4;36;1mUser Load (0.8ms)[0m   [0;1mSELECT * FROM "users" [0m
Rendering users/new
Rendered users/_form (9.6ms)
Completed in 123ms (View: 39, DB: 1) | 200 OK [http://localhost/users/new]


Processing UsersController#new (for 127.0.0.1 at 2009-09-14 07:52:58) [GET]
  Parameters: {"action"=>"new", "controller"=>"users"}
  [4;35;1mUser Load (0.7ms)[0m   [0mSELECT * FROM "users" [0m
Redirected to http://localhost:3000/
Completed in 75ms (DB: 1) | 302 Found [http://localhost/users/new]


Processing UserSessionsController#new (for 127.0.0.1 at 2009-09-14 07:52:59) [GET]
  Parameters: {"action"=>"new", "controller"=>"user_sessions"}
Rendering user_sessions/new
Completed in 114ms (View: 32, DB: 0) | 200 OK [http://localhost/]


Processing UsersController#new (for 127.0.0.1 at 2009-09-14 07:53:02) [GET]
  Parameters: {"action"=>"new", "controller"=>"users"}
  [4;36;1mUser Load (0.4ms)[0m   [0;1mSELECT * FROM "users" [0m
Redirected to http://localhost:3000/
Completed in 120ms (DB: 0) | 302 Found [http://localhost/users/new]


Processing UserSessionsController#new (for 127.0.0.1 at 2009-09-14 07:53:02) [GET]
  Parameters: {"action"=>"new", "controller"=>"user_sessions"}
Rendering user_sessions/new
Completed in 42ms (View: 11, DB: 0) | 200 OK [http://localhost/]


Processing UsersController#new (for 127.0.0.1 at 2009-09-14 07:53:09) [GET]
  Parameters: {"action"=>"new", "controller"=>"users"}
  [4;35;1mUser Load (4.8ms)[0m   [0mSELECT * FROM "users" [0m
Redirected to http://localhost:3000/
Completed in 93ms (DB: 5) | 302 Found [http://localhost/users/new]


Processing UserSessionsController#new (for 127.0.0.1 at 2009-09-14 07:53:09) [GET]
  Parameters: {"action"=>"new", "controller"=>"user_sessions"}
Rendering user_sessions/new
Completed in 119ms (View: 31, DB: 0) | 200 OK [http://localhost/]


Processing UsersController#new (for 127.0.0.1 at 2009-09-14 07:53:18) [GET]
  Parameters: {"action"=>"new", "controller"=>"users"}
  [4;36;1mUser Load (217.1ms)[0m   [0;1mSELECT * FROM "users" [0m
Redirected to http://localhost:3000/
Completed in 296ms (DB: 217) | 302 Found [http://localhost/users/new]


Processing UserSessionsController#new (for 127.0.0.1 at 2009-09-14 07:53:18) [GET]
  Parameters: {"action"=>"new", "controller"=>"user_sessions"}
Rendering user_sessions/new
Completed in 101ms (View: 25, DB: 0) | 200 OK [http://localhost/]


Processing UsersController#new (for 127.0.0.1 at 2009-09-14 07:53:57) [GET]
  Parameters: {"action"=>"new", "controller"=>"users"}
  [4;35;1mUser Load (0.8ms)[0m   [0mSELECT * FROM "users" [0m
Redirected to http://localhost:3000/
Completed in 76ms (DB: 1) | 302 Found [http://localhost/users/new]


Processing UserSessionsController#new (for 127.0.0.1 at 2009-09-14 07:53:57) [GET]
  Parameters: {"action"=>"new", "controller"=>"user_sessions"}
Rendering user_sessions/new
Completed in 110ms (View: 39, DB: 0) | 200 OK [http://localhost/]


Processing ApplicationController#index (for 127.0.0.1 at 2009-09-14 07:54:07) [GET]

ActionController::RoutingError (No route matches "/register" with {:method=>:get}):
  

Rendering rescues/layout (not_found)


Processing ApplicationController#index (for 127.0.0.1 at 2009-09-14 07:55:02) [GET]

ActionController::RoutingError (No route matches "/login" with {:method=>:get}):
  

Rendering rescues/layout (not_found)


Processing UserSessionsController#new (for 127.0.0.1 at 2009-09-14 07:56:36) [GET]
  Parameters: {"action"=>"new", "controller"=>"user_sessions"}
Rendering user_sessions/new
Completed in 458ms (View: 358, DB: 0) | 200 OK [http://localhost/login]


Processing UsersController#new (for 127.0.0.1 at 2009-09-14 07:56:40) [GET]
  Parameters: {"action"=>"new", "controller"=>"users"}
  [4;36;1mUser Load (0.7ms)[0m   [0;1mSELECT * FROM "users" [0m
Redirected to http://localhost:3000/
Completed in 108ms (DB: 1) | 302 Found [http://localhost/register]


Processing UserSessionsController#new (for 127.0.0.1 at 2009-09-14 07:56:41) [GET]
  Parameters: {"action"=>"new", "controller"=>"user_sessions"}
Rendering user_sessions/new
Completed in 94ms (View: 24, DB: 0) | 200 OK [http://localhost/]


Processing UserSessionsController#new (for 127.0.0.1 at 2009-09-14 07:56:45) [GET]
  Parameters: {"action"=>"new", "controller"=>"user_sessions"}
Rendering user_sessions/new
Completed in 100ms (View: 27, DB: 0) | 200 OK [http://localhost/]


Processing UsersController#new (for 127.0.0.1 at 2009-09-14 07:57:01) [GET]
  Parameters: {"action"=>"new", "controller"=>"users"}
  [4;35;1mUser Load (0.8ms)[0m   [0mSELECT * FROM "users" [0m
Rendering users/new
Rendered users/_form (12.2ms)
Completed in 398ms (View: 81, DB: 1) | 200 OK [http://localhost/register]


Processing UsersController#create (for 127.0.0.1 at 2009-09-14 07:57:06) [POST]
  Parameters: {"commit"=>"Register", "action"=>"create", "authenticity_token"=>"l0PWXJ4hc7NCl0BcLR1za+mjMJBTP1aqZ/s23bTPvhU=", "controller"=>"users", "user"=>{"password_confirmation"=>"[FILTERED]", "password"=>"[FILTERED]", "login"=>"admin"}}
  [4;36;1mUser Load (0.8ms)[0m   [0;1mSELECT "users".id FROM "users" WHERE (LOWER("users"."login") = 'admin') LIMIT 1[0m
  [4;35;1mUser Load (0.5ms)[0m   [0mSELECT "users".id FROM "users" WHERE ("users"."persistence_token" = '2535179b603264fdf44e8ffda11f162730dc62a99488bd04806617cdf9487433ff41f839eb0195316a464b194ec949a30291b4506391f7b9a4ecf5a9ce58217f') LIMIT 1[0m
  [4;36;1mUser Load (0.6ms)[0m   [0;1mSELECT "users".id FROM "users" WHERE ("users"."single_access_token" = 'U9rUq1B_bn_AlFFhD5S5') LIMIT 1[0m
Rendering users/new
Rendered users/_form (9.8ms)
Completed in 759ms (View: 44, DB: 2) | 200 OK [http://localhost/account]


Processing UsersController#create (for 127.0.0.1 at 2009-09-14 07:57:38) [POST]
  Parameters: {"commit"=>"Register", "action"=>"create", "authenticity_token"=>"l0PWXJ4hc7NCl0BcLR1za+mjMJBTP1aqZ/s23bTPvhU=", "controller"=>"users", "user"=>{"password_confirmation"=>"[FILTERED]", "password"=>"[FILTERED]", "login"=>"admin"}}
  [4;35;1mUser Load (1.2ms)[0m   [0mSELECT "users".id FROM "users" WHERE (LOWER("users"."login") = 'admin') LIMIT 1[0m
  [4;36;1mUser Load (0.5ms)[0m   [0;1mSELECT "users".id FROM "users" WHERE ("users"."persistence_token" = 'af1f8f28513bf72a66a94b40e1f1ce89397a06da3436d047c1aa5a72f4e1a6e7890e842f14374cd15b4fcb0b8022251500376843aa81afd91a19c9d38bdf9b1a') LIMIT 1[0m
  [4;35;1mUser Load (0.6ms)[0m   [0mSELECT "users".id FROM "users" WHERE ("users"."single_access_token" = 'vRw48vrgYLMyg7V4gLY5') LIMIT 1[0m
Rendering users/new
Rendered users/_form (293.8ms)
Completed in 475ms (View: 342, DB: 2) | 200 OK [http://localhost/account]


Processing UsersController#create (for 127.0.0.1 at 2009-09-14 07:57:45) [POST]
  Parameters: {"commit"=>"Register", "action"=>"create", "authenticity_token"=>"l0PWXJ4hc7NCl0BcLR1za+mjMJBTP1aqZ/s23bTPvhU=", "controller"=>"users", "user"=>{"password_confirmation"=>"[FILTERED]", "password"=>"[FILTERED]", "login"=>"admin", "email"=>"maurizio.demagnis@gmail.com"}}
  [4;36;1mUser Load (0.7ms)[0m   [0;1mSELECT "users".id FROM "users" WHERE (LOWER("users"."email") = 'maurizio.demagnis@gmail.com') LIMIT 1[0m
  [4;35;1mUser Load (0.6ms)[0m   [0mSELECT "users".id FROM "users" WHERE (LOWER("users"."login") = 'admin') LIMIT 1[0m
  [4;36;1mUser Load (0.5ms)[0m   [0;1mSELECT "users".id FROM "users" WHERE ("users"."persistence_token" = '816236e74de27d016839dd216b8b2d857e381b9816a098e6885658ec7d2d23ba710d8b00c72c6fdc9bd96c71e01d59d239e617ed32c048865c675e748f9341e6') LIMIT 1[0m
  [4;35;1mUser Load (0.5ms)[0m   [0mSELECT "users".id FROM "users" WHERE ("users"."single_access_token" = 'QBNxmdUa18TcDIFVo5Xe') LIMIT 1[0m
Rendering users/new
Rendered users/_form (32.5ms)
Completed in 232ms (View: 69, DB: 2) | 200 OK [http://localhost/account]


Processing UsersController#create (for 127.0.0.1 at 2009-09-14 07:57:54) [POST]
  Parameters: {"commit"=>"Register", "action"=>"create", "authenticity_token"=>"l0PWXJ4hc7NCl0BcLR1za+mjMJBTP1aqZ/s23bTPvhU=", "controller"=>"users", "user"=>{"password_confirmation"=>"[FILTERED]", "password"=>"[FILTERED]", "login"=>"admin", "email"=>"maurizio.demagnis@gmail.com"}}
  [4;36;1mUser Load (0.7ms)[0m   [0;1mSELECT "users".id FROM "users" WHERE (LOWER("users"."email") = 'maurizio.demagnis@gmail.com') LIMIT 1[0m
  [4;35;1mUser Load (0.5ms)[0m   [0mSELECT "users".id FROM "users" WHERE (LOWER("users"."login") = 'admin') LIMIT 1[0m
  [4;36;1mUser Load (0.5ms)[0m   [0;1mSELECT "users".id FROM "users" WHERE ("users"."persistence_token" = '6e3da15591de01f83209573cb064c0c4fdca66349384cf439b7f0f2af7e38a500dae3217949b5c6fbc8e0d4a2f45140743f387c4dfacade2b8ff4f3cb1e77970') LIMIT 1[0m
  [4;35;1mUser Load (0.7ms)[0m   [0mSELECT "users".id FROM "users" WHERE ("users"."single_access_token" = 'qMcmUOqMT7HDVT_YOoOi') LIMIT 1[0m
  [4;36;1mUser Create (3.3ms)[0m   [0;1mINSERT INTO "users" ("single_access_token", "last_request_at", "created_at", "crypted_password", "perishable_token", "updated_at", "failed_login_count", "current_login_ip", "password_salt", "current_login_at", "persistence_token", "login_count", "last_login_ip", "login", "last_login_at", "email") VALUES('qMcmUOqMT7HDVT_YOoOi', '2009-09-14 05:57:55', '2009-09-14 05:57:55', '5847c1551181b5f9e614ed271ba1accc7d649b3f8c2b5badfbfedff4c561952f8cec9730343b231e61c972c8ad4f10b6c615346be8ff081969db973e6cf8558a', 'msyetcqJbFJvd__1U2GT', '2009-09-14 05:57:55', 0, '127.0.0.1', 'oLHFq2WydOui-tjRKEy2', '2009-09-14 05:57:54', '6e3da15591de01f83209573cb064c0c4fdca66349384cf439b7f0f2af7e38a500dae3217949b5c6fbc8e0d4a2f45140743f387c4dfacade2b8ff4f3cb1e77970', 1, NULL, 'admin', NULL, 'maurizio.demagnis@gmail.com')[0m
Redirected to http://localhost:3000/account
Completed in 442ms (DB: 6) | 302 Found [http://localhost/account]


Processing UsersController#show (for 127.0.0.1 at 2009-09-14 07:57:55) [GET]
  Parameters: {"action"=>"show", "controller"=>"users"}
  [4;35;1mUser Load (2.3ms)[0m   [0mSELECT * FROM "users" WHERE ("users"."persistence_token" = '6e3da15591de01f83209573cb064c0c4fdca66349384cf439b7f0f2af7e38a500dae3217949b5c6fbc8e0d4a2f45140743f387c4dfacade2b8ff4f3cb1e77970') LIMIT 1[0m
  [4;36;1mUser Update (1.7ms)[0m   [0;1mUPDATE "users" SET "updated_at" = '2009-09-14 05:57:55', "perishable_token" = 'jN2QHK9wffUuMz0mHiZK', "last_request_at" = '2009-09-14 05:57:55' WHERE "id" = 1[0m
Rendering users/show
Completed in 223ms (View: 21, DB: 4) | 200 OK [http://localhost/account]


Processing ProjectsController#index (for 127.0.0.1 at 2009-09-14 07:58:03) [GET]
  Parameters: {"action"=>"index", "controller"=>"projects"}
  [4;35;1mProject Load (2.3ms)[0m   [0mSELECT * FROM "projects" [0m
Rendering projects/index
Completed in 106ms (View: 75, DB: 2) | 200 OK [http://localhost/projects]


Processing UsersController#show (for 127.0.0.1 at 2009-09-14 07:58:32) [GET]
  Parameters: {"action"=>"show", "controller"=>"users"}
  [4;36;1mUser Load (2.4ms)[0m   [0;1mSELECT * FROM "users" WHERE ("users"."persistence_token" = '6e3da15591de01f83209573cb064c0c4fdca66349384cf439b7f0f2af7e38a500dae3217949b5c6fbc8e0d4a2f45140743f387c4dfacade2b8ff4f3cb1e77970') LIMIT 1[0m
  [4;35;1mUser Update (1.5ms)[0m   [0mUPDATE "users" SET "updated_at" = '2009-09-14 05:58:32', "perishable_token" = 'ScEXkjzSQ4Ki0etLCzhC', "last_request_at" = '2009-09-14 05:58:32' WHERE "id" = 1[0m
Rendering users/show
Completed in 146ms (View: 22, DB: 4) | 200 OK [http://localhost/account]


Processing ProjectsController#index (for 127.0.0.1 at 2009-09-14 07:58:34) [GET]
  Parameters: {"action"=>"index", "controller"=>"projects"}
  [4;36;1mProject Load (2.0ms)[0m   [0;1mSELECT * FROM "projects" [0m
Rendering projects/index
Completed in 81ms (View: 52, DB: 2) | 200 OK [http://localhost/projects]


Processing ProjectsController#index (for 127.0.0.1 at 2009-09-14 07:59:19) [GET]
  Parameters: {"action"=>"index", "controller"=>"projects"}
  [4;35;1mProject Load (2.0ms)[0m   [0mSELECT * FROM "projects" [0m
Rendering projects/index
Completed in 80ms (View: 52, DB: 2) | 200 OK [http://localhost/projects]


Processing UsersController#show (for 127.0.0.1 at 2009-09-14 07:59:24) [GET]
  Parameters: {"action"=>"show", "controller"=>"users"}
  [4;36;1mUser Load (2.3ms)[0m   [0;1mSELECT * FROM "users" WHERE ("users"."persistence_token" = '6e3da15591de01f83209573cb064c0c4fdca66349384cf439b7f0f2af7e38a500dae3217949b5c6fbc8e0d4a2f45140743f387c4dfacade2b8ff4f3cb1e77970') LIMIT 1[0m
  [4;35;1mUser Update (1.6ms)[0m   [0mUPDATE "users" SET "updated_at" = '2009-09-14 05:59:25', "perishable_token" = 'ISLJylqRM31LImJl3kiw', "last_request_at" = '2009-09-14 05:59:24' WHERE "id" = 1[0m
Rendering users/show
Completed in 135ms (View: 20, DB: 4) | 200 OK [http://localhost/account]


Processing UsersController#new (for 127.0.0.1 at 2009-09-14 07:59:27) [GET]
  Parameters: {"action"=>"new", "controller"=>"users"}
  [4;36;1mUser Load (2.4ms)[0m   [0;1mSELECT * FROM "users" WHERE ("users"."persistence_token" = '6e3da15591de01f83209573cb064c0c4fdca66349384cf439b7f0f2af7e38a500dae3217949b5c6fbc8e0d4a2f45140743f387c4dfacade2b8ff4f3cb1e77970') LIMIT 1[0m
  [4;35;1mUser Update (1.6ms)[0m   [0mUPDATE "users" SET "updated_at" = '2009-09-14 05:59:27', "perishable_token" = 'O5HXkCDYo6gT0QuLCwD2', "last_request_at" = '2009-09-14 05:59:27' WHERE "id" = 1[0m
Redirected to http://localhost:3000/account
Filter chain halted as [:require_no_user] rendered_or_redirected.
Completed in 347ms (DB: 4) | 302 Found [http://localhost/register]


Processing UsersController#show (for 127.0.0.1 at 2009-09-14 07:59:27) [GET]
  Parameters: {"action"=>"show", "controller"=>"users"}
  [4;36;1mUser Load (2.4ms)[0m   [0;1mSELECT * FROM "users" WHERE ("users"."persistence_token" = '6e3da15591de01f83209573cb064c0c4fdca66349384cf439b7f0f2af7e38a500dae3217949b5c6fbc8e0d4a2f45140743f387c4dfacade2b8ff4f3cb1e77970') LIMIT 1[0m
  [4;35;1mUser Update (1.5ms)[0m   [0mUPDATE "users" SET "updated_at" = '2009-09-14 05:59:27', "perishable_token" = 'mlSCaC340cX-9Ufu5p83', "last_request_at" = '2009-09-14 05:59:27' WHERE "id" = 1[0m
Rendering users/show
Completed in 155ms (View: 21, DB: 4) | 200 OK [http://localhost/account]


Processing UsersController#new (for 127.0.0.1 at 2009-09-14 07:59:29) [GET]
  Parameters: {"action"=>"new", "controller"=>"users"}
  [4;36;1mUser Load (3.9ms)[0m   [0;1mSELECT * FROM "users" WHERE ("users"."persistence_token" = '6e3da15591de01f83209573cb064c0c4fdca66349384cf439b7f0f2af7e38a500dae3217949b5c6fbc8e0d4a2f45140743f387c4dfacade2b8ff4f3cb1e77970') LIMIT 1[0m
  [4;35;1mUser Update (2.5ms)[0m   [0mUPDATE "users" SET "updated_at" = '2009-09-14 05:59:29', "perishable_token" = 'Yw7Owk7WZO14kghtKDcV', "last_request_at" = '2009-09-14 05:59:29' WHERE "id" = 1[0m
Redirected to http://localhost:3000/account
Filter chain halted as [:require_no_user] rendered_or_redirected.
Completed in 115ms (DB: 6) | 302 Found [http://localhost/register]


Processing UsersController#show (for 127.0.0.1 at 2009-09-14 07:59:29) [GET]
  Parameters: {"action"=>"show", "controller"=>"users"}
  [4;36;1mUser Load (2.5ms)[0m   [0;1mSELECT * FROM "users" WHERE ("users"."persistence_token" = '6e3da15591de01f83209573cb064c0c4fdca66349384cf439b7f0f2af7e38a500dae3217949b5c6fbc8e0d4a2f45140743f387c4dfacade2b8ff4f3cb1e77970') LIMIT 1[0m
  [4;35;1mUser Update (1.2ms)[0m   [0mUPDATE "users" SET "updated_at" = '2009-09-14 05:59:29', "perishable_token" = 'n848fc-TRs3BJyB77mM2', "last_request_at" = '2009-09-14 05:59:29' WHERE "id" = 1[0m
Rendering users/show
Completed in 135ms (View: 7, DB: 4) | 200 OK [http://localhost/account]


Processing UsersController#new (for 127.0.0.1 at 2009-09-14 07:59:53) [GET]
  Parameters: {"action"=>"new", "controller"=>"users"}
  [4;36;1mUser Load (2.5ms)[0m   [0;1mSELECT * FROM "users" WHERE ("users"."persistence_token" = '6e3da15591de01f83209573cb064c0c4fdca66349384cf439b7f0f2af7e38a500dae3217949b5c6fbc8e0d4a2f45140743f387c4dfacade2b8ff4f3cb1e77970') LIMIT 1[0m
  [4;35;1mUser Update (1.4ms)[0m   [0mUPDATE "users" SET "updated_at" = '2009-09-14 05:59:53', "perishable_token" = 'AvCZOmLJIW-2tx7b8pTB', "last_request_at" = '2009-09-14 05:59:53' WHERE "id" = 1[0m
Redirected to http://localhost:3000/account
Filter chain halted as [:require_no_user] rendered_or_redirected.
Completed in 390ms (DB: 4) | 302 Found [http://localhost/register]


Processing UsersController#show (for 127.0.0.1 at 2009-09-14 07:59:54) [GET]
  Parameters: {"action"=>"show", "controller"=>"users"}
  [4;36;1mUser Load (2.4ms)[0m   [0;1mSELECT * FROM "users" WHERE ("users"."persistence_token" = '6e3da15591de01f83209573cb064c0c4fdca66349384cf439b7f0f2af7e38a500dae3217949b5c6fbc8e0d4a2f45140743f387c4dfacade2b8ff4f3cb1e77970') LIMIT 1[0m
  [4;35;1mUser Update (1.2ms)[0m   [0mUPDATE "users" SET "updated_at" = '2009-09-14 05:59:54', "perishable_token" = '1arApE27o9_z12ORZ8vk', "last_request_at" = '2009-09-14 05:59:54' WHERE "id" = 1[0m
Rendering users/show
Completed in 149ms (View: 6, DB: 4) | 200 OK [http://localhost/account]


Processing UsersController#new (for 127.0.0.1 at 2009-09-14 08:00:11) [GET]
  Parameters: {"action"=>"new", "controller"=>"users"}
  [4;36;1mUser Load (2.3ms)[0m   [0;1mSELECT * FROM "users" WHERE ("users"."persistence_token" = '6e3da15591de01f83209573cb064c0c4fdca66349384cf439b7f0f2af7e38a500dae3217949b5c6fbc8e0d4a2f45140743f387c4dfacade2b8ff4f3cb1e77970') LIMIT 1[0m
  [4;35;1mUser Update (1.2ms)[0m   [0mUPDATE "users" SET "updated_at" = '2009-09-14 06:00:11', "perishable_token" = 'L4bz9p0ALxCHC3Z-T-3V', "last_request_at" = '2009-09-14 06:00:11' WHERE "id" = 1[0m
Redirected to http://localhost:3000/account
Filter chain halted as [:require_no_user] rendered_or_redirected.
Completed in 110ms (DB: 4) | 302 Found [http://localhost/register]


Processing UsersController#show (for 127.0.0.1 at 2009-09-14 08:00:12) [GET]
  Parameters: {"action"=>"show", "controller"=>"users"}
  [4;36;1mUser Load (3.2ms)[0m   [0;1mSELECT * FROM "users" WHERE ("users"."persistence_token" = '6e3da15591de01f83209573cb064c0c4fdca66349384cf439b7f0f2af7e38a500dae3217949b5c6fbc8e0d4a2f45140743f387c4dfacade2b8ff4f3cb1e77970') LIMIT 1[0m
  [4;35;1mUser Update (5.0ms)[0m   [0mUPDATE "users" SET "updated_at" = '2009-09-14 06:00:12', "perishable_token" = 'IpXktQg1_aUfNg50y6D2', "last_request_at" = '2009-09-14 06:00:12' WHERE "id" = 1[0m
Rendering users/show
Completed in 157ms (View: 8, DB: 8) | 200 OK [http://localhost/account]


Processing UsersController#new (for 127.0.0.1 at 2009-09-14 08:00:25) [GET]
  Parameters: {"action"=>"new", "controller"=>"users"}
  [4;36;1mUser Load (2.3ms)[0m   [0;1mSELECT * FROM "users" WHERE ("users"."persistence_token" = '6e3da15591de01f83209573cb064c0c4fdca66349384cf439b7f0f2af7e38a500dae3217949b5c6fbc8e0d4a2f45140743f387c4dfacade2b8ff4f3cb1e77970') LIMIT 1[0m
  [4;35;1mUser Update (1.7ms)[0m   [0mUPDATE "users" SET "updated_at" = '2009-09-14 06:00:34', "perishable_token" = 'N5FtbyXE3w44wSoYPV-K', "last_request_at" = '2009-09-14 06:00:34' WHERE "id" = 1[0m
Rendering users/new
Rendered users/_form (15.5ms)
Completed in 13228ms (View: 30, DB: 4) | 200 OK [http://localhost/register]


Processing UsersController#new (for 127.0.0.1 at 2009-09-14 08:01:42) [GET]
  Parameters: {"action"=>"new", "controller"=>"users"}
  [4;36;1mUser Load (2.4ms)[0m   [0;1mSELECT * FROM "users" WHERE ("users"."persistence_token" = '6e3da15591de01f83209573cb064c0c4fdca66349384cf439b7f0f2af7e38a500dae3217949b5c6fbc8e0d4a2f45140743f387c4dfacade2b8ff4f3cb1e77970') LIMIT 1[0m
  [4;35;1mUser Update (1.8ms)[0m   [0mUPDATE "users" SET "updated_at" = '2009-09-14 06:01:43', "perishable_token" = 'bzTVXneor3V7sL8CXDrN', "last_request_at" = '2009-09-14 06:01:43' WHERE "id" = 1[0m
Rendering users/new
Rendered users/_form (20.7ms)
Completed in 727ms (View: 72, DB: 4) | 200 OK [http://localhost/register]


Processing UsersController#create (for 127.0.0.1 at 2009-09-14 08:01:58) [POST]
  Parameters: {"commit"=>"Register", "action"=>"create", "authenticity_token"=>"l0PWXJ4hc7NCl0BcLR1za+mjMJBTP1aqZ/s23bTPvhU=", "controller"=>"users", "user"=>{"password_confirmation"=>"[FILTERED]", "password"=>"[FILTERED]", "login"=>"alessandro.nuzzo", "email"=>"alenuzzo@gmail.com"}}
  [4;36;1mUser Load (0.8ms)[0m   [0;1mSELECT "users".id FROM "users" WHERE (LOWER("users"."email") = 'alenuzzo@gmail.com') LIMIT 1[0m
  [4;35;1mUser Load (0.5ms)[0m   [0mSELECT "users".id FROM "users" WHERE (LOWER("users"."login") = 'alessandro.nuzzo') LIMIT 1[0m
  [4;36;1mUser Load (0.5ms)[0m   [0;1mSELECT "users".id FROM "users" WHERE ("users"."persistence_token" = 'b09f19d039e3515aae9f0cf77e235b3a62373502ff919b2b305ab48cf535bc96dc431f79fcf002e5a3d514bf469ac3e0d9530f8f1846de95730e197c8d2b502e') LIMIT 1[0m
  [4;35;1mUser Load (0.5ms)[0m   [0mSELECT "users".id FROM "users" WHERE ("users"."single_access_token" = 'bRCEEV-NSOpli0f9HTyj') LIMIT 1[0m
  [4;36;1mUser Create (1.1ms)[0m   [0;1mINSERT INTO "users" ("single_access_token", "last_request_at", "created_at", "crypted_password", "perishable_token", "updated_at", "failed_login_count", "current_login_ip", "password_salt", "current_login_at", "persistence_token", "login_count", "last_login_ip", "login", "last_login_at", "email") VALUES('bRCEEV-NSOpli0f9HTyj', NULL, '2009-09-14 06:01:58', '372cfbeaeb22409b5cfc6ab7896d38b309deee4eaf832eedcdd37e2c300f0fefb3fd94737121bba949c714d53db51aa80d911b69997003edeae6f958f984ff8c', 'b_RhLXWr1SFgeyB8kFGU', '2009-09-14 06:01:58', 0, NULL, '7qJVLL6hVEuqSQltK0sr', NULL, 'b09f19d039e3515aae9f0cf77e235b3a62373502ff919b2b305ab48cf535bc96dc431f79fcf002e5a3d514bf469ac3e0d9530f8f1846de95730e197c8d2b502e', 0, NULL, 'alessandro.nuzzo', NULL, 'alenuzzo@gmail.com')[0m
Redirected to http://localhost:3000/register
Completed in 759ms (DB: 3) | 302 Found [http://localhost/account]


Processing UsersController#new (for 127.0.0.1 at 2009-09-14 08:01:59) [GET]
  Parameters: {"action"=>"new", "controller"=>"users"}
  [4;35;1mUser Load (2.4ms)[0m   [0mSELECT * FROM "users" WHERE ("users"."persistence_token" = '6e3da15591de01f83209573cb064c0c4fdca66349384cf439b7f0f2af7e38a500dae3217949b5c6fbc8e0d4a2f45140743f387c4dfacade2b8ff4f3cb1e77970') LIMIT 1[0m
  [4;36;1mUser Update (1.3ms)[0m   [0;1mUPDATE "users" SET "updated_at" = '2009-09-14 06:01:59', "perishable_token" = 'W15j6mAG32QjB8bfi-J8', "last_request_at" = '2009-09-14 06:01:59' WHERE "id" = 1[0m
Rendering users/new
Rendered users/_form (20.3ms)
Completed in 179ms (View: 43, DB: 4) | 200 OK [http://localhost/register]


Processing UsersController#new (for 127.0.0.1 at 2009-09-14 08:02:41) [GET]
  Parameters: {"action"=>"new", "controller"=>"users"}
  [4;35;1mUser Load (2.6ms)[0m   [0mSELECT * FROM "users" WHERE ("users"."persistence_token" = '6e3da15591de01f83209573cb064c0c4fdca66349384cf439b7f0f2af7e38a500dae3217949b5c6fbc8e0d4a2f45140743f387c4dfacade2b8ff4f3cb1e77970') LIMIT 1[0m
  [4;36;1mUser Update (1.5ms)[0m   [0;1mUPDATE "users" SET "updated_at" = '2009-09-14 06:02:41', "perishable_token" = 'cwfB0jerOBb8-hdQf5Ev', "last_request_at" = '2009-09-14 06:02:41' WHERE "id" = 1[0m
Rendering users/new
Rendered users/_form (11.6ms)
Completed in 172ms (View: 43, DB: 4) | 200 OK [http://localhost/register]


Processing ProjectsController#index (for 127.0.0.1 at 2009-09-14 08:02:43) [GET]
  Parameters: {"action"=>"index", "controller"=>"projects"}
  [4;35;1mProject Load (2.2ms)[0m   [0mSELECT * FROM "projects" [0m
Rendering projects/index
Completed in 329ms (View: 302, DB: 2) | 200 OK [http://localhost/projects]


Processing UsersController#index (for 127.0.0.1 at 2009-09-14 08:02:49) [GET]
  Parameters: {"action"=>"index", "controller"=>"users"}

ActionController::UnknownAction (No action responded to index. Actions: create, edit, new, show, and update):
  

Rendering rescues/layout (not_found)


Processing ApplicationController#index (for 127.0.0.1 at 2009-09-14 08:02:56) [GET]

ActionController::RoutingError (No route matches "/user" with {:method=>:get}):
  

Rendering rescues/layout (not_found)


Processing UsersController#index (for 127.0.0.1 at 2009-09-14 08:04:50) [GET]
  Parameters: {"action"=>"index", "controller"=>"users"}
  [4;36;1mUser Load (4.0ms)[0m   [0;1mSELECT * FROM "users" [0m
Rendering users/index

ActionView::TemplateError (undefined local variable or method `delete' for #<ActionView::Base:0x7f165ee82198>) on line #4 of app/views/users/index.html.erb:
1: <% for user in @users do -%>
2:   <%= user.login %> |
3:   <%= link_to user %> |
4:   <%= link_to 'Delete', user, :method => delete, :confirmation => "Are you sure?" %>
5: <% end -%>

    app/views/users/index.html.erb:4
    app/views/users/index.html.erb:1:in `each'
    app/views/users/index.html.erb:1

Rendered rescues/_trace (430.9ms)
Rendered rescues/_request_and_response (3.3ms)
Rendering rescues/layout (internal_server_error)


Processing UsersController#index (for 127.0.0.1 at 2009-09-14 08:04:58) [GET]
  Parameters: {"action"=>"index", "controller"=>"users"}
  [4;35;1mUser Load (3.2ms)[0m   [0mSELECT * FROM "users" [0m
Rendering users/index
Completed in 142ms (View: 75, DB: 3) | 200 OK [http://localhost/users]


Processing UsersController#index (for 127.0.0.1 at 2009-09-14 08:05:08) [GET]
  Parameters: {"action"=>"index", "controller"=>"users"}
  [4;36;1mUser Load (3.2ms)[0m   [0;1mSELECT * FROM "users" [0m
Rendering users/index
Completed in 146ms (View: 75, DB: 3) | 200 OK [http://localhost/users]


Processing UsersController#index (for 127.0.0.1 at 2009-09-14 08:06:59) [GET]
  Parameters: {"action"=>"index", "controller"=>"users"}
  [4;35;1mUser Load (3.1ms)[0m   [0mSELECT * FROM "users" [0m
Rendering users/index
Completed in 436ms (View: 352, DB: 3) | 200 OK [http://localhost/users]


Processing UsersController#destroy (for 127.0.0.1 at 2009-09-14 08:07:13) [DELETE]
  Parameters: {"action"=>"destroy", "_method"=>"delete", "authenticity_token"=>"l0PWXJ4hc7NCl0BcLR1za+mjMJBTP1aqZ/s23bTPvhU=", "id"=>"2", "controller"=>"users"}

ActionController::UnknownAction (No action responded to destroy. Actions: create, edit, index, new, show, and update):
  

Rendering rescues/layout (not_found)


Processing UsersController#index (for 127.0.0.1 at 2009-09-14 08:07:34) [GET]
  Parameters: {"action"=>"index", "controller"=>"users"}
  [4;36;1mUser Load (3.2ms)[0m   [0;1mSELECT * FROM "users" [0m
Rendering users/index
Completed in 110ms (View: 41, DB: 3) | 200 OK [http://localhost/users]


Processing UsersController#index (for 127.0.0.1 at 2009-09-14 08:08:16) [GET]
  Parameters: {"action"=>"index", "controller"=>"users"}
  [4;35;1mUser Load (3.2ms)[0m   [0mSELECT * FROM "users" [0m
Rendering users/index

ActionView::TemplateError (undefined method `edit_user' for #<ActionView::Base:0x7f165edddcb0>) on line #14 of app/views/users/index.html.erb:
11:         <td><%= user.login %></td>
12:         <td>
13:           <%= link_to "Show", user %>
14:           <%= link_to "Edit", edit_user(user) %>
15:         </td>
16:       </tr>
17:     <% end -%>

    app/views/users/index.html.erb:14
    app/views/users/index.html.erb:9:in `each'
    app/views/users/index.html.erb:9

Rendered rescues/_trace (440.3ms)
Rendered rescues/_request_and_response (1.3ms)
Rendering rescues/layout (internal_server_error)


Processing UsersController#index (for 127.0.0.1 at 2009-09-14 08:08:24) [GET]
  Parameters: {"action"=>"index", "controller"=>"users"}
  [4;36;1mUser Load (3.2ms)[0m   [0;1mSELECT * FROM "users" [0m
Rendering users/index
Completed in 114ms (View: 52, DB: 3) | 200 OK [http://localhost/users]


Processing UsersController#show (for 127.0.0.1 at 2009-09-14 08:08:27) [GET]
  Parameters: {"action"=>"show", "id"=>"2", "controller"=>"users"}
  [4;35;1mUser Load (1.0ms)[0m   [0mSELECT * FROM "users" WHERE ("users"."persistence_token" = '6e3da15591de01f83209573cb064c0c4fdca66349384cf439b7f0f2af7e38a500dae3217949b5c6fbc8e0d4a2f45140743f387c4dfacade2b8ff4f3cb1e77970') LIMIT 1[0m
  [4;36;1mUser Update (0.6ms)[0m   [0;1mUPDATE "users" SET "updated_at" = '2009-09-14 06:08:27', "perishable_token" = 'qV7wmAA_Syj1h6aM_4bR', "last_request_at" = '2009-09-14 06:08:27' WHERE "id" = 1[0m
Rendering users/show
Completed in 65ms (View: 9, DB: 2) | 200 OK [http://localhost/users/2]


Processing UsersController#edit (for 127.0.0.1 at 2009-09-14 08:08:30) [GET]
  Parameters: {"action"=>"edit", "controller"=>"users"}
  [4;35;1mUser Load (2.5ms)[0m   [0mSELECT * FROM "users" WHERE ("users"."persistence_token" = '6e3da15591de01f83209573cb064c0c4fdca66349384cf439b7f0f2af7e38a500dae3217949b5c6fbc8e0d4a2f45140743f387c4dfacade2b8ff4f3cb1e77970') LIMIT 1[0m
  [4;36;1mUser Update (1.7ms)[0m   [0;1mUPDATE "users" SET "updated_at" = '2009-09-14 06:08:30', "perishable_token" = 'cmM5CIQsXHKCi9vuG6P8', "last_request_at" = '2009-09-14 06:08:30' WHERE "id" = 1[0m
Rendering users/edit
Rendered users/_form (12.6ms)
Completed in 200ms (View: 47, DB: 4) | 200 OK [http://localhost/account/edit]


Processing UsersController#index (for 127.0.0.1 at 2009-09-14 08:08:51) [GET]
  Parameters: {"action"=>"index", "controller"=>"users"}
  [4;35;1mUser Load (3.2ms)[0m   [0mSELECT * FROM "users" [0m
Rendering users/index
Completed in 121ms (View: 42, DB: 3) | 200 OK [http://localhost/users]


Processing UsersController#index (for 127.0.0.1 at 2009-09-14 08:09:05) [GET]
  Parameters: {"action"=>"index", "controller"=>"users"}
  [4;36;1mUser Load (4.0ms)[0m   [0;1mSELECT * FROM "users" [0m
Rendering users/index
Completed in 163ms (View: 36, DB: 4) | 200 OK [http://localhost/users]


Processing ProjectsController#index (for 127.0.0.1 at 2009-09-14 08:09:06) [GET]
  Parameters: {"action"=>"index", "controller"=>"projects"}
  [4;35;1mProject Load (2.0ms)[0m   [0mSELECT * FROM "projects" [0m
Rendering projects/index
Completed in 373ms (View: 56, DB: 2) | 200 OK [http://localhost/projects]
